<?xml version="1.0" encoding="UTF-8"?>
<testsuite xmlns:xsi="http://www.w3.org/2001/XMLSchema-instance" xsi:noNamespaceSchemaLocation="https://maven.apache.org/surefire/maven-surefire-plugin/xsd/surefire-test-report-3.0.xsd" version="3.0" name="Vehicle Fuel Logs #2" time="110.776" tests="9" errors="5" skipped="0" failures="1">
  <properties>
[...]
</properties>
  <testcase name="Truck driver should access fuel logs" classname="Vehicle Fuel Logs #2" time="16.476">
    <error message="element click intercepted: Element &lt;li class=&quot;dropdown user-menu-dropdown&quot; id=&quot;user-menu&quot;&gt;...&lt;/li&gt; is not clickable at point (1464, 16). Other element would receive the click: &lt;div class=&quot;loader-mask shown&quot;&gt;...&lt;/div&gt;&#10;  (Session info: chrome=103.0.5060.114)&#10;Build info: version: &apos;3.141.59&apos;, revision: &apos;e82be7d358&apos;, time: &apos;2018-11-14T08:17:03&apos;&#10;System info: host: &apos;LAPTOP-JC8JH0AI&apos;, ip: &apos;10.0.0.173&apos;, os.name: &apos;Windows 10&apos;, os.arch: &apos;amd64&apos;, os.version: &apos;10.0&apos;, java.version: &apos;11.0.12&apos;&#10;Driver info: org.openqa.selenium.chrome.ChromeDriver&#10;Capabilities {acceptInsecureCerts: false, browserName: chrome, browserVersion: 103.0.5060.114, chrome: {chromedriverVersion: 103.0.5060.53 (a1711811edd7..., userDataDir: C:\Users\cfhol\AppData\Loca...}, goog:chromeOptions: {debuggerAddress: localhost:55190}, javascriptEnabled: true, networkConnectionEnabled: false, pageLoadStrategy: normal, platform: WINDOWS, platformName: WINDOWS, proxy: Proxy(), setWindowRect: true, strictFileInteractability: false, timeouts: {implicit: 0, pageLoad: 300000, script: 30000}, unhandledPromptBehavior: dismiss and notify, webauthn:extension:credBlob: true, webauthn:extension:largeBlob: true, webauthn:virtualAuthenticators: true}&#10;Session ID: 65aa08156a8571900e33d88b896ae651" type="org.openqa.selenium.ElementClickInterceptedException"><![CDATA[org.openqa.selenium.ElementClickInterceptedException: 
element click intercepted: Element <li class="dropdown user-menu-dropdown" id="user-menu">...</li> is not clickable at point (1464, 16). Other element would receive the click: <div class="loader-mask shown">...</div>
  (Session info: chrome=103.0.5060.114)
Build info: version: '3.141.59', revision: 'e82be7d358', time: '2018-11-14T08:17:03'
System info: host: 'LAPTOP-JC8JH0AI', ip: '10.0.0.173', os.name: 'Windows 10', os.arch: 'amd64', os.version: '10.0', java.version: '11.0.12'
Driver info: org.openqa.selenium.chrome.ChromeDriver
Capabilities {acceptInsecureCerts: false, browserName: chrome, browserVersion: 103.0.5060.114, chrome: {chromedriverVersion: 103.0.5060.53 (a1711811edd7..., userDataDir: C:\Users\cfhol\AppData\Loca...}, goog:chromeOptions: {debuggerAddress: localhost:55190}, javascriptEnabled: true, networkConnectionEnabled: false, pageLoadStrategy: normal, platform: WINDOWS, platformName: WINDOWS, proxy: Proxy(), setWindowRect: true, strictFileInteractability: false, timeouts: {implicit: 0, pageLoad: 300000, script: 30000}, unhandledPromptBehavior: dismiss and notify, webauthn:extension:credBlob: true, webauthn:extension:largeBlob: true, webauthn:virtualAuthenticators: true}
Session ID: 65aa08156a8571900e33d88b896ae651
]]></error>
    <system-err><![CDATA[SLF4J: Failed to load class "org.slf4j.impl.StaticLoggerBinder".
SLF4J: Defaulting to no-operation (NOP) logger implementation
SLF4J: See http://www.slf4j.org/codes.html#StaticLoggerBinder for further details.
Starting ChromeDriver 103.0.5060.53 (a1711811edd74ff1cf2150f36ffa3b0dae40b17f-refs/branch-heads/5060@{#853}) on port 2815
Only local connections are allowed.
Please see https://chromedriver.chromium.org/security-considerations for suggestions on keeping ChromeDriver safe.
ChromeDriver was started successfully.
Jul 19, 2022 9:59:44 AM org.openqa.selenium.remote.ProtocolHandshake createSession
INFO: Detected dialect: W3C
]]></system-err>
  </testcase>
  <testcase name="Truck driver should be able to create fuel logs" classname="Vehicle Fuel Logs #2" time="14.55">
    <error message="no such element: Unable to locate element: {&quot;method&quot;:&quot;xpath&quot;,&quot;selector&quot;:&quot;//input[@id=&apos;prependedInput&apos;]&quot;}&#10;  (Session info: chrome=103.0.5060.114)&#10;For documentation on this error, please visit: https://www.seleniumhq.org/exceptions/no_such_element.html&#10;Build info: version: &apos;3.141.59&apos;, revision: &apos;e82be7d358&apos;, time: &apos;2018-11-14T08:17:03&apos;&#10;System info: host: &apos;LAPTOP-JC8JH0AI&apos;, ip: &apos;10.0.0.173&apos;, os.name: &apos;Windows 10&apos;, os.arch: &apos;amd64&apos;, os.version: &apos;10.0&apos;, java.version: &apos;11.0.12&apos;&#10;Driver info: org.openqa.selenium.chrome.ChromeDriver&#10;Capabilities {acceptInsecureCerts: false, browserName: chrome, browserVersion: 103.0.5060.114, chrome: {chromedriverVersion: 103.0.5060.53 (a1711811edd7..., userDataDir: C:\Users\cfhol\AppData\Loca...}, goog:chromeOptions: {debuggerAddress: localhost:55190}, javascriptEnabled: true, networkConnectionEnabled: false, pageLoadStrategy: normal, platform: WINDOWS, platformName: WINDOWS, proxy: Proxy(), setWindowRect: true, strictFileInteractability: false, timeouts: {implicit: 0, pageLoad: 300000, script: 30000}, unhandledPromptBehavior: dismiss and notify, webauthn:extension:credBlob: true, webauthn:extension:largeBlob: true, webauthn:virtualAuthenticators: true}&#10;Session ID: 65aa08156a8571900e33d88b896ae651&#10;*** Element info: {Using=xpath, value=//input[@id=&apos;prependedInput&apos;]}" type="org.openqa.selenium.NoSuchElementException"><![CDATA[org.openqa.selenium.NoSuchElementException: 
no such element: Unable to locate element: {"method":"xpath","selector":"//input[@id='prependedInput']"}
  (Session info: chrome=103.0.5060.114)
For documentation on this error, please visit: https://www.seleniumhq.org/exceptions/no_such_element.html
Build info: version: '3.141.59', revision: 'e82be7d358', time: '2018-11-14T08:17:03'
System info: host: 'LAPTOP-JC8JH0AI', ip: '10.0.0.173', os.name: 'Windows 10', os.arch: 'amd64', os.version: '10.0', java.version: '11.0.12'
Driver info: org.openqa.selenium.chrome.ChromeDriver
Capabilities {acceptInsecureCerts: false, browserName: chrome, browserVersion: 103.0.5060.114, chrome: {chromedriverVersion: 103.0.5060.53 (a1711811edd7..., userDataDir: C:\Users\cfhol\AppData\Loca...}, goog:chromeOptions: {debuggerAddress: localhost:55190}, javascriptEnabled: true, networkConnectionEnabled: false, pageLoadStrategy: normal, platform: WINDOWS, platformName: WINDOWS, proxy: Proxy(), setWindowRect: true, strictFileInteractability: false, timeouts: {implicit: 0, pageLoad: 300000, script: 30000}, unhandledPromptBehavior: dismiss and notify, webauthn:extension:credBlob: true, webauthn:extension:largeBlob: true, webauthn:virtualAuthenticators: true}
Session ID: 65aa08156a8571900e33d88b896ae651
*** Element info: {Using=xpath, value=//input[@id='prependedInput']}
]]></error>
  </testcase>
  <testcase name="User should be able to cancel on vehicle create page" classname="Vehicle Fuel Logs #2" time="11.26"/>
  <testcase name="User should be able to edit any vehicle fuel logs" classname="Vehicle Fuel Logs #2" time="10.347">
    <error message="element click intercepted: Element &lt;a href=&quot;/entity/update/Extend_Entity_VehicleFuelLogs/item/191?grid%5Bcustom-entity-grid%5D=i%3D1%26p%3D25%26c%3Did0.OdometerValue1.Liter1.PricePerLiter1.TotalPrice1.Date1.Purchaser1.InvoiceReference1.Vendor1%26v%3D__all__%26a%3Dgrid%26g%255Bclass_name%255D%3DExtend%255CEntity%255CVehicleFuelLogs&quot; class=&quot;btn back icons-holder-text edit-button main-group&quot; title=&quot;Edit Vehicle Fuel Logs&quot;&gt;...&lt;/a&gt; is not clickable at point (867, 137). Other element would receive the click: &lt;div class=&quot;loader-mask shown&quot;&gt;...&lt;/div&gt;&#10;  (Session info: chrome=103.0.5060.114)&#10;Build info: version: &apos;3.141.59&apos;, revision: &apos;e82be7d358&apos;, time: &apos;2018-11-14T08:17:03&apos;&#10;System info: host: &apos;LAPTOP-JC8JH0AI&apos;, ip: &apos;10.0.0.173&apos;, os.name: &apos;Windows 10&apos;, os.arch: &apos;amd64&apos;, os.version: &apos;10.0&apos;, java.version: &apos;11.0.12&apos;&#10;Driver info: org.openqa.selenium.chrome.ChromeDriver&#10;Capabilities {acceptInsecureCerts: false, browserName: chrome, browserVersion: 103.0.5060.114, chrome: {chromedriverVersion: 103.0.5060.53 (a1711811edd7..., userDataDir: C:\Users\cfhol\AppData\Loca...}, goog:chromeOptions: {debuggerAddress: localhost:55190}, javascriptEnabled: true, networkConnectionEnabled: false, pageLoadStrategy: normal, platform: WINDOWS, platformName: WINDOWS, proxy: Proxy(), setWindowRect: true, strictFileInteractability: false, timeouts: {implicit: 0, pageLoad: 300000, script: 30000}, unhandledPromptBehavior: dismiss and notify, webauthn:extension:credBlob: true, webauthn:extension:largeBlob: true, webauthn:virtualAuthenticators: true}&#10;Session ID: 65aa08156a8571900e33d88b896ae651" type="org.openqa.selenium.ElementClickInterceptedException"><![CDATA[org.openqa.selenium.ElementClickInterceptedException: 
element click intercepted: Element <a href="/entity/update/Extend_Entity_VehicleFuelLogs/item/191?grid%5Bcustom-entity-grid%5D=i%3D1%26p%3D25%26c%3Did0.OdometerValue1.Liter1.PricePerLiter1.TotalPrice1.Date1.Purchaser1.InvoiceReference1.Vendor1%26v%3D__all__%26a%3Dgrid%26g%255Bclass_name%255D%3DExtend%255CEntity%255CVehicleFuelLogs" class="btn back icons-holder-text edit-button main-group" title="Edit Vehicle Fuel Logs">...</a> is not clickable at point (867, 137). Other element would receive the click: <div class="loader-mask shown">...</div>
  (Session info: chrome=103.0.5060.114)
Build info: version: '3.141.59', revision: 'e82be7d358', time: '2018-11-14T08:17:03'
System info: host: 'LAPTOP-JC8JH0AI', ip: '10.0.0.173', os.name: 'Windows 10', os.arch: 'amd64', os.version: '10.0', java.version: '11.0.12'
Driver info: org.openqa.selenium.chrome.ChromeDriver
Capabilities {acceptInsecureCerts: false, browserName: chrome, browserVersion: 103.0.5060.114, chrome: {chromedriverVersion: 103.0.5060.53 (a1711811edd7..., userDataDir: C:\Users\cfhol\AppData\Loca...}, goog:chromeOptions: {debuggerAddress: localhost:55190}, javascriptEnabled: true, networkConnectionEnabled: false, pageLoadStrategy: normal, platform: WINDOWS, platformName: WINDOWS, proxy: Proxy(), setWindowRect: true, strictFileInteractability: false, timeouts: {implicit: 0, pageLoad: 300000, script: 30000}, unhandledPromptBehavior: dismiss and notify, webauthn:extension:credBlob: true, webauthn:extension:largeBlob: true, webauthn:virtualAuthenticators: true}
Session ID: 65aa08156a8571900e33d88b896ae651
]]></error>
  </testcase>
  <testcase name="User should be able to edit any vehicle fuel logs" classname="Vehicle Fuel Logs #2" time="0">
    <error message="element click intercepted: Element &lt;li class=&quot;dropdown user-menu-dropdown&quot; id=&quot;user-menu&quot;&gt;...&lt;/li&gt; is not clickable at point (1464, 16). Other element would receive the click: &lt;div class=&quot;loader-mask shown&quot;&gt;...&lt;/div&gt;&#10;  (Session info: chrome=103.0.5060.114)&#10;Build info: version: &apos;3.141.59&apos;, revision: &apos;e82be7d358&apos;, time: &apos;2018-11-14T08:17:03&apos;&#10;System info: host: &apos;LAPTOP-JC8JH0AI&apos;, ip: &apos;10.0.0.173&apos;, os.name: &apos;Windows 10&apos;, os.arch: &apos;amd64&apos;, os.version: &apos;10.0&apos;, java.version: &apos;11.0.12&apos;&#10;Driver info: org.openqa.selenium.chrome.ChromeDriver&#10;Capabilities {acceptInsecureCerts: false, browserName: chrome, browserVersion: 103.0.5060.114, chrome: {chromedriverVersion: 103.0.5060.53 (a1711811edd7..., userDataDir: C:\Users\cfhol\AppData\Loca...}, goog:chromeOptions: {debuggerAddress: localhost:55190}, javascriptEnabled: true, networkConnectionEnabled: false, pageLoadStrategy: normal, platform: WINDOWS, platformName: WINDOWS, proxy: Proxy(), setWindowRect: true, strictFileInteractability: false, timeouts: {implicit: 0, pageLoad: 300000, script: 30000}, unhandledPromptBehavior: dismiss and notify, webauthn:extension:credBlob: true, webauthn:extension:largeBlob: true, webauthn:virtualAuthenticators: true}&#10;Session ID: 65aa08156a8571900e33d88b896ae651" type="org.openqa.selenium.ElementClickInterceptedException"><![CDATA[org.openqa.selenium.ElementClickInterceptedException: 
element click intercepted: Element <li class="dropdown user-menu-dropdown" id="user-menu">...</li> is not clickable at point (1464, 16). Other element would receive the click: <div class="loader-mask shown">...</div>
  (Session info: chrome=103.0.5060.114)
Build info: version: '3.141.59', revision: 'e82be7d358', time: '2018-11-14T08:17:03'
System info: host: 'LAPTOP-JC8JH0AI', ip: '10.0.0.173', os.name: 'Windows 10', os.arch: 'amd64', os.version: '10.0', java.version: '11.0.12'
Driver info: org.openqa.selenium.chrome.ChromeDriver
Capabilities {acceptInsecureCerts: false, browserName: chrome, browserVersion: 103.0.5060.114, chrome: {chromedriverVersion: 103.0.5060.53 (a1711811edd7..., userDataDir: C:\Users\cfhol\AppData\Loca...}, goog:chromeOptions: {debuggerAddress: localhost:55190}, javascriptEnabled: true, networkConnectionEnabled: false, pageLoadStrategy: normal, platform: WINDOWS, platformName: WINDOWS, proxy: Proxy(), setWindowRect: true, strictFileInteractability: false, timeouts: {implicit: 0, pageLoad: 300000, script: 30000}, unhandledPromptBehavior: dismiss and notify, webauthn:extension:credBlob: true, webauthn:extension:largeBlob: true, webauthn:virtualAuthenticators: true}
Session ID: 65aa08156a8571900e33d88b896ae651
]]></error>
  </testcase>
  <testcase name="User should be able to delete" classname="Vehicle Fuel Logs #2" time="21.728">
    <error message="no such element: Unable to locate element: {&quot;method&quot;:&quot;xpath&quot;,&quot;selector&quot;:&quot;//input[@id=&apos;prependedInput&apos;]&quot;}&#10;  (Session info: chrome=103.0.5060.114)&#10;For documentation on this error, please visit: https://www.seleniumhq.org/exceptions/no_such_element.html&#10;Build info: version: &apos;3.141.59&apos;, revision: &apos;e82be7d358&apos;, time: &apos;2018-11-14T08:17:03&apos;&#10;System info: host: &apos;LAPTOP-JC8JH0AI&apos;, ip: &apos;10.0.0.173&apos;, os.name: &apos;Windows 10&apos;, os.arch: &apos;amd64&apos;, os.version: &apos;10.0&apos;, java.version: &apos;11.0.12&apos;&#10;Driver info: org.openqa.selenium.chrome.ChromeDriver&#10;Capabilities {acceptInsecureCerts: false, browserName: chrome, browserVersion: 103.0.5060.114, chrome: {chromedriverVersion: 103.0.5060.53 (a1711811edd7..., userDataDir: C:\Users\cfhol\AppData\Loca...}, goog:chromeOptions: {debuggerAddress: localhost:55190}, javascriptEnabled: true, networkConnectionEnabled: false, pageLoadStrategy: normal, platform: WINDOWS, platformName: WINDOWS, proxy: Proxy(), setWindowRect: true, strictFileInteractability: false, timeouts: {implicit: 0, pageLoad: 300000, script: 30000}, unhandledPromptBehavior: dismiss and notify, webauthn:extension:credBlob: true, webauthn:extension:largeBlob: true, webauthn:virtualAuthenticators: true}&#10;Session ID: 65aa08156a8571900e33d88b896ae651&#10;*** Element info: {Using=xpath, value=//input[@id=&apos;prependedInput&apos;]}" type="org.openqa.selenium.NoSuchElementException"><![CDATA[org.openqa.selenium.NoSuchElementException: 
no such element: Unable to locate element: {"method":"xpath","selector":"//input[@id='prependedInput']"}
  (Session info: chrome=103.0.5060.114)
For documentation on this error, please visit: https://www.seleniumhq.org/exceptions/no_such_element.html
Build info: version: '3.141.59', revision: 'e82be7d358', time: '2018-11-14T08:17:03'
System info: host: 'LAPTOP-JC8JH0AI', ip: '10.0.0.173', os.name: 'Windows 10', os.arch: 'amd64', os.version: '10.0', java.version: '11.0.12'
Driver info: org.openqa.selenium.chrome.ChromeDriver
Capabilities {acceptInsecureCerts: false, browserName: chrome, browserVersion: 103.0.5060.114, chrome: {chromedriverVersion: 103.0.5060.53 (a1711811edd7..., userDataDir: C:\Users\cfhol\AppData\Loca...}, goog:chromeOptions: {debuggerAddress: localhost:55190}, javascriptEnabled: true, networkConnectionEnabled: false, pageLoadStrategy: normal, platform: WINDOWS, platformName: WINDOWS, proxy: Proxy(), setWindowRect: true, strictFileInteractability: false, timeouts: {implicit: 0, pageLoad: 300000, script: 30000}, unhandledPromptBehavior: dismiss and notify, webauthn:extension:credBlob: true, webauthn:extension:largeBlob: true, webauthn:virtualAuthenticators: true}
Session ID: 65aa08156a8571900e33d88b896ae651
*** Element info: {Using=xpath, value=//input[@id='prependedInput']}
]]></error>
  </testcase>
  <testcase name="User should be able attach valid file" classname="Vehicle Fuel Logs #2" time="15.528">
    <failure type="java.lang.AssertionError"><![CDATA[java.lang.AssertionError
]]></failure>
  </testcase>
  <testcase name="User should be able to add event" classname="Vehicle Fuel Logs #2" time="13.615"/>
  <testcase name="User should be able to reset" classname="Vehicle Fuel Logs #2" time="7.268"/>
</testsuite>